


ARM Macro Assembler    Page 1 


    1 00000000         ;/******************************************************
                       ***********************
    2 00000000         ; * @file     startup_SAMD09.s
    3 00000000         ; * @brief    CMSIS Cortex-M0+ Core Device Startup File
    4 00000000         ; *           for the Atmel SAMD09 Device Series
    5 00000000         ; * @version  V1.00
    6 00000000         ; * @date     25. August 2015
    7 00000000         ; *
    8 00000000         ; * @note
    9 00000000         ; * Copyright (C) 2015 ARM Limited. All rights reserved.
                       
   10 00000000         ; *
   11 00000000         ; * @par
   12 00000000         ; * ARM Limited (ARM) is supplying this software for use
                        with Cortex-M
   13 00000000         ; * processor based microcontrollers.  This file can be 
                       freely distributed
   14 00000000         ; * within development tools that are supporting such AR
                       M based processors.
   15 00000000         ; *
   16 00000000         ; * @par
   17 00000000         ; * THIS SOFTWARE IS PROVIDED "AS IS".  NO WARRANTIES, W
                       HETHER EXPRESS, IMPLIED
   18 00000000         ; * OR STATUTORY, INCLUDING, BUT NOT LIMITED TO, IMPLIED
                        WARRANTIES OF
   19 00000000         ; * MERCHANTABILITY AND FITNESS FOR A PARTICULAR PURPOSE
                        APPLY TO THIS SOFTWARE.
   20 00000000         ; * ARM SHALL NOT, IN ANY CIRCUMSTANCES, BE LIABLE FOR S
                       PECIAL, INCIDENTAL, OR
   21 00000000         ; * CONSEQUENTIAL DAMAGES, FOR ANY REASON WHATSOEVER.
   22 00000000         ; *
   23 00000000         ; ******************************************************
                       ************************/
   24 00000000         ;/*
   25 00000000         ;//-------- <<< Use Configuration Wizard in Context Menu
                        >>> ------------------
   26 00000000         ;*/
   27 00000000         
   28 00000000         
   29 00000000         ; <h> Stack Configuration
   30 00000000         ;   <o> Stack Size (in Bytes) <0x0-0xFFFFFFFF:8>
   31 00000000         ; </h>
   32 00000000         
   33 00000000 00000200 
                       Stack_Size
                               EQU              0x00000200
   34 00000000         
   35 00000000                 AREA             STACK, NOINIT, READWRITE, ALIGN
=3
   36 00000000         Stack_Mem
                               SPACE            Stack_Size
   37 00000200         __initial_sp
   38 00000200         
   39 00000200         
   40 00000200         ; <h> Heap Configuration
   41 00000200         ;   <o>  Heap Size (in Bytes) <0x0-0xFFFFFFFF:8>
   42 00000200         ; </h>
   43 00000200         
   44 00000200 00000000 



ARM Macro Assembler    Page 2 


                       Heap_Size
                               EQU              0x00000000
   45 00000200         
   46 00000200                 AREA             HEAP, NOINIT, READWRITE, ALIGN=
3
   47 00000000         __heap_base
   48 00000000         Heap_Mem
                               SPACE            Heap_Size
   49 00000000         __heap_limit
   50 00000000         
   51 00000000         
   52 00000000                 PRESERVE8
   53 00000000                 THUMB
   54 00000000         
   55 00000000         
   56 00000000         ; Vector Table Mapped to Address 0 at Reset
   57 00000000         
   58 00000000                 AREA             RESET, DATA, READONLY
   59 00000000                 EXPORT           __Vectors
   60 00000000                 EXPORT           __Vectors_End
   61 00000000                 EXPORT           __Vectors_Size
   62 00000000         
   63 00000000 00000000 
                       __Vectors
                               DCD              __initial_sp ; Top of Stack
   64 00000004 00000000        DCD              Reset_Handler ; Reset Handler
   65 00000008 00000000        DCD              NMI_Handler ; NMI Handler
   66 0000000C 00000000        DCD              HardFault_Handler ; Hard Fault 
                                                            Handler
   67 00000010 00000000        DCD              0           ; Reserved
   68 00000014 00000000        DCD              0           ; Reserved
   69 00000018 00000000        DCD              0           ; Reserved
   70 0000001C 00000000        DCD              0           ; Reserved
   71 00000020 00000000        DCD              0           ; Reserved
   72 00000024 00000000        DCD              0           ; Reserved
   73 00000028 00000000        DCD              0           ; Reserved
   74 0000002C 00000000        DCD              SVC_Handler ; SVCall Handler
   75 00000030 00000000        DCD              0           ; Reserved
   76 00000034 00000000        DCD              0           ; Reserved
   77 00000038 00000000        DCD              PendSV_Handler ; PendSV Handler
                                                            
   78 0000003C 00000000        DCD              SysTick_Handler 
                                                            ; SysTick Handler
   79 00000040         
   80 00000040         ; External Interrupts
   81 00000040 00000000        DCD              PM_Handler  ;  0 Power Manager
   82 00000044 00000000        DCD              SYSCTRL_Handler 
                                                            ;  1 System Control
                                                            
   83 00000048 00000000        DCD              WDT_Handler ;  2 Watchdog Timer
                                                            
   84 0000004C 00000000        DCD              RTC_Handler ;  3 Real-Time Coun
                                                            ter
   85 00000050 00000000        DCD              EIC_Handler ;  4 External Inter
                                                            rupt Controller
   86 00000054 00000000        DCD              NVMCTRL_Handler ;  5 Non-Volati
                                                            le Memory Controlle
                                                            r
   87 00000058 00000000        DCD              DMAC_Handler ;  6 Direct Memory



ARM Macro Assembler    Page 3 


                                                             Access Controller
   88 0000005C 00000000        DCD              USB_Handler ;  7 Universal Seri
                                                            al Bus
   89 00000060 00000000        DCD              EVSYS_Handler ;  8 Event System
                                                             Interface
   90 00000064 00000000        DCD              SERCOM0_Handler ;  9 Serial Com
                                                            munication Interfac
                                                            e 0
   91 00000068 00000000        DCD              SERCOM1_Handler ; 10 Serial Com
                                                            munication Interfac
                                                            e 1
   92 0000006C 00000000        DCD              SERCOM2_Handler ; 11 Serial Com
                                                            munication Interfac
                                                            e 2
   93 00000070 00000000        DCD              0           ; 12 Reserved
   94 00000074 00000000        DCD              TC1_Handler ; 13 Basic Timer Co
                                                            unter 0
   95 00000078 00000000        DCD              TC2_Handler ; 14 Basic Timer Co
                                                            unter 1
   96 0000007C 00000000        DCD              ADC_Handler ; 15 Analog Digital
                                                             Converter
   97 00000080 00000000        DCD              0           ; 16 Reserved
   98 00000084 00000000        DCD              DAC_Handler ; 17 Digital Analog
                                                             Converter
   99 00000088 00000000        DCD              PTC_Handle  ; 18 Peripheral Tou
                                                            ch Controller
  100 0000008C         __Vectors_End
  101 0000008C         
  102 0000008C 0000008C 
                       __Vectors_Size
                               EQU              __Vectors_End - __Vectors
  103 0000008C         
  104 0000008C                 AREA             |.text|, CODE, READONLY
  105 00000000         
  106 00000000         
  107 00000000         ; Reset Handler
  108 00000000         
  109 00000000         Reset_Handler
                               PROC
  110 00000000                 EXPORT           Reset_Handler             [WEAK
]
  111 00000000                 IMPORT           SystemInit
  112 00000000                 IMPORT           __main
  113 00000000 4807            LDR              R0, =SystemInit
  114 00000002 4780            BLX              R0
  115 00000004 4807            LDR              R0, =__main
  116 00000006 4700            BX               R0
  117 00000008                 ENDP
  118 00000008         
  119 00000008         
  120 00000008         ; Dummy Exception Handlers (infinite loops which can be 
                       modified)
  121 00000008         
  122 00000008         NMI_Handler
                               PROC
  123 00000008                 EXPORT           NMI_Handler               [WEAK
]
  124 00000008 E7FE            B                .
  125 0000000A                 ENDP



ARM Macro Assembler    Page 4 


  127 0000000A         HardFault_Handler
                               PROC
  128 0000000A                 EXPORT           HardFault_Handler         [WEAK
]
  129 0000000A E7FE            B                .
  130 0000000C                 ENDP
  131 0000000C         SVC_Handler
                               PROC
  132 0000000C                 EXPORT           SVC_Handler               [WEAK
]
  133 0000000C E7FE            B                .
  134 0000000E                 ENDP
  135 0000000E         PendSV_Handler
                               PROC
  136 0000000E                 EXPORT           PendSV_Handler            [WEAK
]
  137 0000000E E7FE            B                .
  138 00000010                 ENDP
  139 00000010         SysTick_Handler
                               PROC
  140 00000010                 EXPORT           SysTick_Handler           [WEAK
]
  141 00000010 E7FE            B                .
  142 00000012                 ENDP
  143 00000012         
  144 00000012         Default_Handler
                               PROC
  145 00000012         
  146 00000012                 EXPORT           PM_Handler                [WEAK
]
  147 00000012                 EXPORT           SYSCTRL_Handler           [WEAK
]
  148 00000012                 EXPORT           WDT_Handler               [WEAK
]
  149 00000012                 EXPORT           RTC_Handler               [WEAK
]
  150 00000012                 EXPORT           EIC_Handler               [WEAK
]
  151 00000012                 EXPORT           NVMCTRL_Handler           [WEAK
]
  152 00000012                 EXPORT           DMAC_Handler              [WEAK
]
  153 00000012                 EXPORT           USB_Handler               [WEAK
]
  154 00000012                 EXPORT           EVSYS_Handler             [WEAK
]
  155 00000012                 EXPORT           SERCOM0_Handler           [WEAK
]
  156 00000012                 EXPORT           SERCOM1_Handler           [WEAK
]
  157 00000012                 EXPORT           SERCOM2_Handler           [WEAK
]
  158 00000012                 EXPORT           TC1_Handler               [WEAK
]
  159 00000012                 EXPORT           TC2_Handler               [WEAK
]
  160 00000012                 EXPORT           ADC_Handler               [WEAK
]
  161 00000012                 EXPORT           DAC_Handler               [WEAK



ARM Macro Assembler    Page 5 


]
  162 00000012                 EXPORT           PTC_Handle                [WEAK
]
  163 00000012         
  164 00000012         PM_Handler
  165 00000012         SYSCTRL_Handler
  166 00000012         WDT_Handler
  167 00000012         RTC_Handler
  168 00000012         EIC_Handler
  169 00000012         NVMCTRL_Handler
  170 00000012         DMAC_Handler
  171 00000012         USB_Handler
  172 00000012         EVSYS_Handler
  173 00000012         SERCOM0_Handler
  174 00000012         SERCOM1_Handler
  175 00000012         SERCOM2_Handler
  176 00000012         TC1_Handler
  177 00000012         TC2_Handler
  178 00000012         ADC_Handler
  179 00000012         DAC_Handler
  180 00000012         PTC_Handle
  181 00000012 E7FE            B                .
  182 00000014                 ENDP
  183 00000014         
  184 00000014         
  185 00000014                 ALIGN
  186 00000014         
  187 00000014         
  188 00000014         ; User Initial Stack & Heap
  189 00000014         
  190 00000014                 IF               :DEF:__MICROLIB
  197 00000014         
  198 00000014                 IMPORT           __use_two_region_memory
  199 00000014                 EXPORT           __user_initial_stackheap
  200 00000014         __user_initial_stackheap
  201 00000014         
  202 00000014 4804            LDR              R0, =  Heap_Mem
  203 00000016 4905            LDR              R1, =(Stack_Mem + Stack_Size)
  204 00000018 4A03            LDR              R2, = (Heap_Mem +  Heap_Size)
  205 0000001A 4B05            LDR              R3, = Stack_Mem
  206 0000001C 4770            BX               LR
  207 0000001E         
  208 0000001E 00 00           ALIGN
  209 00000020         
  210 00000020                 ENDIF
  211 00000020         
  212 00000020         
  213 00000020                 END
              00000000 
              00000000 
              00000000 
              00000200 
              00000000 
Command Line: --debug --xref --diag_suppress=9931 --cpu=Cortex-M0+ --apcs=inter
work --depend=.\objects\startup_samd09.d -o.\objects\startup_samd09.o -I.\RTE\_
Target_1 -IC:\Keil_v5\ARM\PACK\Keil\SAMD09_DFP\1.0.1\Device\SAMD09\Include -IC:
\Keil_v5\ARM\CMSIS\Include --predefine="__EVAL SETA 1" --predefine="__UVISION_V
ERSION SETA 526" --predefine="_RTE_ SETA 1" --predefine="__SAMD09C13A__ SETA 1"
 --list=.\listings\startup_samd09.lst RTE\Device\ATSAMD09C13A\startup_SAMD09.s



ARM Macro Assembler    Page 1 Alphabetic symbol ordering
Relocatable symbols

STACK 00000000

Symbol: STACK
   Definitions
      At line 35 in file RTE\Device\ATSAMD09C13A\startup_SAMD09.s
   Uses
      None
Comment: STACK unused
Stack_Mem 00000000

Symbol: Stack_Mem
   Definitions
      At line 36 in file RTE\Device\ATSAMD09C13A\startup_SAMD09.s
   Uses
      At line 203 in file RTE\Device\ATSAMD09C13A\startup_SAMD09.s
      At line 205 in file RTE\Device\ATSAMD09C13A\startup_SAMD09.s

__initial_sp 00000200

Symbol: __initial_sp
   Definitions
      At line 37 in file RTE\Device\ATSAMD09C13A\startup_SAMD09.s
   Uses
      At line 63 in file RTE\Device\ATSAMD09C13A\startup_SAMD09.s
Comment: __initial_sp used once
3 symbols



ARM Macro Assembler    Page 1 Alphabetic symbol ordering
Relocatable symbols

HEAP 00000000

Symbol: HEAP
   Definitions
      At line 46 in file RTE\Device\ATSAMD09C13A\startup_SAMD09.s
   Uses
      None
Comment: HEAP unused
Heap_Mem 00000000

Symbol: Heap_Mem
   Definitions
      At line 48 in file RTE\Device\ATSAMD09C13A\startup_SAMD09.s
   Uses
      At line 202 in file RTE\Device\ATSAMD09C13A\startup_SAMD09.s
      At line 204 in file RTE\Device\ATSAMD09C13A\startup_SAMD09.s

__heap_base 00000000

Symbol: __heap_base
   Definitions
      At line 47 in file RTE\Device\ATSAMD09C13A\startup_SAMD09.s
   Uses
      None
Comment: __heap_base unused
__heap_limit 00000000

Symbol: __heap_limit
   Definitions
      At line 49 in file RTE\Device\ATSAMD09C13A\startup_SAMD09.s
   Uses
      None
Comment: __heap_limit unused
4 symbols



ARM Macro Assembler    Page 1 Alphabetic symbol ordering
Relocatable symbols

RESET 00000000

Symbol: RESET
   Definitions
      At line 58 in file RTE\Device\ATSAMD09C13A\startup_SAMD09.s
   Uses
      None
Comment: RESET unused
__Vectors 00000000

Symbol: __Vectors
   Definitions
      At line 63 in file RTE\Device\ATSAMD09C13A\startup_SAMD09.s
   Uses
      At line 59 in file RTE\Device\ATSAMD09C13A\startup_SAMD09.s
      At line 102 in file RTE\Device\ATSAMD09C13A\startup_SAMD09.s

__Vectors_End 0000008C

Symbol: __Vectors_End
   Definitions
      At line 100 in file RTE\Device\ATSAMD09C13A\startup_SAMD09.s
   Uses
      At line 60 in file RTE\Device\ATSAMD09C13A\startup_SAMD09.s
      At line 102 in file RTE\Device\ATSAMD09C13A\startup_SAMD09.s

3 symbols



ARM Macro Assembler    Page 1 Alphabetic symbol ordering
Relocatable symbols

.text 00000000

Symbol: .text
   Definitions
      At line 104 in file RTE\Device\ATSAMD09C13A\startup_SAMD09.s
   Uses
      None
Comment: .text unused
ADC_Handler 00000012

Symbol: ADC_Handler
   Definitions
      At line 178 in file RTE\Device\ATSAMD09C13A\startup_SAMD09.s
   Uses
      At line 96 in file RTE\Device\ATSAMD09C13A\startup_SAMD09.s
      At line 160 in file RTE\Device\ATSAMD09C13A\startup_SAMD09.s

DAC_Handler 00000012

Symbol: DAC_Handler
   Definitions
      At line 179 in file RTE\Device\ATSAMD09C13A\startup_SAMD09.s
   Uses
      At line 98 in file RTE\Device\ATSAMD09C13A\startup_SAMD09.s
      At line 161 in file RTE\Device\ATSAMD09C13A\startup_SAMD09.s

DMAC_Handler 00000012

Symbol: DMAC_Handler
   Definitions
      At line 170 in file RTE\Device\ATSAMD09C13A\startup_SAMD09.s
   Uses
      At line 87 in file RTE\Device\ATSAMD09C13A\startup_SAMD09.s
      At line 152 in file RTE\Device\ATSAMD09C13A\startup_SAMD09.s

Default_Handler 00000012

Symbol: Default_Handler
   Definitions
      At line 144 in file RTE\Device\ATSAMD09C13A\startup_SAMD09.s
   Uses
      None
Comment: Default_Handler unused
EIC_Handler 00000012

Symbol: EIC_Handler
   Definitions
      At line 168 in file RTE\Device\ATSAMD09C13A\startup_SAMD09.s
   Uses
      At line 85 in file RTE\Device\ATSAMD09C13A\startup_SAMD09.s
      At line 150 in file RTE\Device\ATSAMD09C13A\startup_SAMD09.s

EVSYS_Handler 00000012

Symbol: EVSYS_Handler
   Definitions
      At line 172 in file RTE\Device\ATSAMD09C13A\startup_SAMD09.s
   Uses
      At line 89 in file RTE\Device\ATSAMD09C13A\startup_SAMD09.s



ARM Macro Assembler    Page 2 Alphabetic symbol ordering
Relocatable symbols

      At line 154 in file RTE\Device\ATSAMD09C13A\startup_SAMD09.s

HardFault_Handler 0000000A

Symbol: HardFault_Handler
   Definitions
      At line 127 in file RTE\Device\ATSAMD09C13A\startup_SAMD09.s
   Uses
      At line 66 in file RTE\Device\ATSAMD09C13A\startup_SAMD09.s
      At line 128 in file RTE\Device\ATSAMD09C13A\startup_SAMD09.s

NMI_Handler 00000008

Symbol: NMI_Handler
   Definitions
      At line 122 in file RTE\Device\ATSAMD09C13A\startup_SAMD09.s
   Uses
      At line 65 in file RTE\Device\ATSAMD09C13A\startup_SAMD09.s
      At line 123 in file RTE\Device\ATSAMD09C13A\startup_SAMD09.s

NVMCTRL_Handler 00000012

Symbol: NVMCTRL_Handler
   Definitions
      At line 169 in file RTE\Device\ATSAMD09C13A\startup_SAMD09.s
   Uses
      At line 86 in file RTE\Device\ATSAMD09C13A\startup_SAMD09.s
      At line 151 in file RTE\Device\ATSAMD09C13A\startup_SAMD09.s

PM_Handler 00000012

Symbol: PM_Handler
   Definitions
      At line 164 in file RTE\Device\ATSAMD09C13A\startup_SAMD09.s
   Uses
      At line 81 in file RTE\Device\ATSAMD09C13A\startup_SAMD09.s
      At line 146 in file RTE\Device\ATSAMD09C13A\startup_SAMD09.s

PTC_Handle 00000012

Symbol: PTC_Handle
   Definitions
      At line 180 in file RTE\Device\ATSAMD09C13A\startup_SAMD09.s
   Uses
      At line 99 in file RTE\Device\ATSAMD09C13A\startup_SAMD09.s
      At line 162 in file RTE\Device\ATSAMD09C13A\startup_SAMD09.s

PendSV_Handler 0000000E

Symbol: PendSV_Handler
   Definitions
      At line 135 in file RTE\Device\ATSAMD09C13A\startup_SAMD09.s
   Uses
      At line 77 in file RTE\Device\ATSAMD09C13A\startup_SAMD09.s
      At line 136 in file RTE\Device\ATSAMD09C13A\startup_SAMD09.s

RTC_Handler 00000012

Symbol: RTC_Handler



ARM Macro Assembler    Page 3 Alphabetic symbol ordering
Relocatable symbols

   Definitions
      At line 167 in file RTE\Device\ATSAMD09C13A\startup_SAMD09.s
   Uses
      At line 84 in file RTE\Device\ATSAMD09C13A\startup_SAMD09.s
      At line 149 in file RTE\Device\ATSAMD09C13A\startup_SAMD09.s

Reset_Handler 00000000

Symbol: Reset_Handler
   Definitions
      At line 109 in file RTE\Device\ATSAMD09C13A\startup_SAMD09.s
   Uses
      At line 64 in file RTE\Device\ATSAMD09C13A\startup_SAMD09.s
      At line 110 in file RTE\Device\ATSAMD09C13A\startup_SAMD09.s

SERCOM0_Handler 00000012

Symbol: SERCOM0_Handler
   Definitions
      At line 173 in file RTE\Device\ATSAMD09C13A\startup_SAMD09.s
   Uses
      At line 90 in file RTE\Device\ATSAMD09C13A\startup_SAMD09.s
      At line 155 in file RTE\Device\ATSAMD09C13A\startup_SAMD09.s

SERCOM1_Handler 00000012

Symbol: SERCOM1_Handler
   Definitions
      At line 174 in file RTE\Device\ATSAMD09C13A\startup_SAMD09.s
   Uses
      At line 91 in file RTE\Device\ATSAMD09C13A\startup_SAMD09.s
      At line 156 in file RTE\Device\ATSAMD09C13A\startup_SAMD09.s

SERCOM2_Handler 00000012

Symbol: SERCOM2_Handler
   Definitions
      At line 175 in file RTE\Device\ATSAMD09C13A\startup_SAMD09.s
   Uses
      At line 92 in file RTE\Device\ATSAMD09C13A\startup_SAMD09.s
      At line 157 in file RTE\Device\ATSAMD09C13A\startup_SAMD09.s

SVC_Handler 0000000C

Symbol: SVC_Handler
   Definitions
      At line 131 in file RTE\Device\ATSAMD09C13A\startup_SAMD09.s
   Uses
      At line 74 in file RTE\Device\ATSAMD09C13A\startup_SAMD09.s
      At line 132 in file RTE\Device\ATSAMD09C13A\startup_SAMD09.s

SYSCTRL_Handler 00000012

Symbol: SYSCTRL_Handler
   Definitions
      At line 165 in file RTE\Device\ATSAMD09C13A\startup_SAMD09.s
   Uses
      At line 82 in file RTE\Device\ATSAMD09C13A\startup_SAMD09.s
      At line 147 in file RTE\Device\ATSAMD09C13A\startup_SAMD09.s



ARM Macro Assembler    Page 4 Alphabetic symbol ordering
Relocatable symbols


SysTick_Handler 00000010

Symbol: SysTick_Handler
   Definitions
      At line 139 in file RTE\Device\ATSAMD09C13A\startup_SAMD09.s
   Uses
      At line 78 in file RTE\Device\ATSAMD09C13A\startup_SAMD09.s
      At line 140 in file RTE\Device\ATSAMD09C13A\startup_SAMD09.s

TC1_Handler 00000012

Symbol: TC1_Handler
   Definitions
      At line 176 in file RTE\Device\ATSAMD09C13A\startup_SAMD09.s
   Uses
      At line 94 in file RTE\Device\ATSAMD09C13A\startup_SAMD09.s
      At line 158 in file RTE\Device\ATSAMD09C13A\startup_SAMD09.s

TC2_Handler 00000012

Symbol: TC2_Handler
   Definitions
      At line 177 in file RTE\Device\ATSAMD09C13A\startup_SAMD09.s
   Uses
      At line 95 in file RTE\Device\ATSAMD09C13A\startup_SAMD09.s
      At line 159 in file RTE\Device\ATSAMD09C13A\startup_SAMD09.s

USB_Handler 00000012

Symbol: USB_Handler
   Definitions
      At line 171 in file RTE\Device\ATSAMD09C13A\startup_SAMD09.s
   Uses
      At line 88 in file RTE\Device\ATSAMD09C13A\startup_SAMD09.s
      At line 153 in file RTE\Device\ATSAMD09C13A\startup_SAMD09.s

WDT_Handler 00000012

Symbol: WDT_Handler
   Definitions
      At line 166 in file RTE\Device\ATSAMD09C13A\startup_SAMD09.s
   Uses
      At line 83 in file RTE\Device\ATSAMD09C13A\startup_SAMD09.s
      At line 148 in file RTE\Device\ATSAMD09C13A\startup_SAMD09.s

__user_initial_stackheap 00000014

Symbol: __user_initial_stackheap
   Definitions
      At line 200 in file RTE\Device\ATSAMD09C13A\startup_SAMD09.s
   Uses
      At line 199 in file RTE\Device\ATSAMD09C13A\startup_SAMD09.s
Comment: __user_initial_stackheap used once
26 symbols



ARM Macro Assembler    Page 1 Alphabetic symbol ordering
Absolute symbols

Heap_Size 00000000

Symbol: Heap_Size
   Definitions
      At line 44 in file RTE\Device\ATSAMD09C13A\startup_SAMD09.s
   Uses
      At line 48 in file RTE\Device\ATSAMD09C13A\startup_SAMD09.s
      At line 204 in file RTE\Device\ATSAMD09C13A\startup_SAMD09.s

Stack_Size 00000200

Symbol: Stack_Size
   Definitions
      At line 33 in file RTE\Device\ATSAMD09C13A\startup_SAMD09.s
   Uses
      At line 36 in file RTE\Device\ATSAMD09C13A\startup_SAMD09.s
      At line 203 in file RTE\Device\ATSAMD09C13A\startup_SAMD09.s

__Vectors_Size 0000008C

Symbol: __Vectors_Size
   Definitions
      At line 102 in file RTE\Device\ATSAMD09C13A\startup_SAMD09.s
   Uses
      At line 61 in file RTE\Device\ATSAMD09C13A\startup_SAMD09.s
Comment: __Vectors_Size used once
3 symbols



ARM Macro Assembler    Page 1 Alphabetic symbol ordering
External symbols

SystemInit 00000000

Symbol: SystemInit
   Definitions
      At line 111 in file RTE\Device\ATSAMD09C13A\startup_SAMD09.s
   Uses
      At line 113 in file RTE\Device\ATSAMD09C13A\startup_SAMD09.s
Comment: SystemInit used once
__main 00000000

Symbol: __main
   Definitions
      At line 112 in file RTE\Device\ATSAMD09C13A\startup_SAMD09.s
   Uses
      At line 115 in file RTE\Device\ATSAMD09C13A\startup_SAMD09.s
Comment: __main used once
__use_two_region_memory 00000000

Symbol: __use_two_region_memory
   Definitions
      At line 198 in file RTE\Device\ATSAMD09C13A\startup_SAMD09.s
   Uses
      None
Comment: __use_two_region_memory unused
3 symbols
380 symbols in table
